<?xml version="1.0" encoding="utf-8"?>
<coverage line-rate="0.6279" branch-rate="0.8095" version="1.9" timestamp="1764338559" lines-covered="81" lines-valid="129" branches-covered="34" branches-valid="42">
  <sources>
    <source>/Users/jonathan.gilroy-powell/Documents/Code/squiggle/conflictvessels/interfaces/ConflictVessels.Web/</source>
  </sources>
  <packages>
    <package name="ConflictVessels.Web" line-rate="0.6279" branch-rate="0.8095" complexity="58">
      <classes>
        <class name="Program/&lt;&lt;Main&gt;$&gt;d__0" filename="Program.cs" line-rate="0" branch-rate="1" complexity="1">
          <methods>
            <method name="MoveNext" signature="()" line-rate="0" branch-rate="1" complexity="1">
              <lines>
                <line number="6" hits="0" branch="False" />
                <line number="7" hits="0" branch="False" />
                <line number="8" hits="0" branch="False" />
                <line number="10" hits="0" branch="False" />
                <line number="11" hits="0" branch="False" />
                <line number="13" hits="0" branch="False" />
              </lines>
            </method>
          </methods>
          <lines>
            <line number="6" hits="0" branch="False" />
            <line number="7" hits="0" branch="False" />
            <line number="8" hits="0" branch="False" />
            <line number="10" hits="0" branch="False" />
            <line number="11" hits="0" branch="False" />
            <line number="13" hits="0" branch="False" />
          </lines>
        </class>
        <class name="ConflictVessels.Web.Layout.NavMenu" filename="Layout/NavMenu.razor" line-rate="0" branch-rate="0" complexity="4">
          <methods>
            <method name="get_NavMenuCssClass" signature="()" line-rate="0" branch-rate="0" complexity="2">
              <lines>
                <line number="28" hits="0" branch="True" condition-coverage="0% (0/2)">
                  <conditions>
                    <condition number="6" type="jump" coverage="0%" />
                  </conditions>
                </line>
              </lines>
            </method>
            <method name="ToggleNavMenu" signature="()" line-rate="0" branch-rate="1" complexity="1">
              <lines>
                <line number="31" hits="0" branch="False" />
                <line number="32" hits="0" branch="False" />
                <line number="33" hits="0" branch="False" />
              </lines>
            </method>
            <method name=".ctor" signature="()" line-rate="0" branch-rate="1" complexity="1">
              <lines>
                <line number="26" hits="0" branch="False" />
              </lines>
            </method>
          </methods>
          <lines>
            <line number="28" hits="0" branch="True" condition-coverage="0% (0/2)">
              <conditions>
                <condition number="6" type="jump" coverage="0%" />
              </conditions>
            </line>
            <line number="31" hits="0" branch="False" />
            <line number="32" hits="0" branch="False" />
            <line number="33" hits="0" branch="False" />
            <line number="26" hits="0" branch="False" />
          </lines>
        </class>
        <class name="ConflictVessels.Web.Components.GridComponent" filename="Components/GridComponent.razor" line-rate="1" branch-rate="1" complexity="21">
          <methods>
            <method name="BuildRenderTree" signature="(Microsoft.AspNetCore.Components.Rendering.RenderTreeBuilder)" line-rate="1" branch-rate="1" complexity="8">
              <lines>
                <line number="5" hits="624" branch="True" condition-coverage="100% (2/2)">
                  <conditions>
                    <condition number="373" type="jump" coverage="100%" />
                  </conditions>
                </line>
                <line number="6" hits="264" branch="False" />
                <line number="7" hits="3972" branch="True" condition-coverage="100% (2/2)">
                  <conditions>
                    <condition number="345" type="jump" coverage="100%" />
                  </conditions>
                </line>
                <line number="8" hits="1722" branch="False" />
                <line number="9" hits="1722" branch="False" />
                <line number="10" hits="1722" branch="False" />
                <line number="11" hits="1722" branch="False" />
                <line number="12" hits="1722" branch="False" />
                <line number="13" hits="1722" branch="False" />
                <line number="18" hits="1722" branch="True" condition-coverage="100% (4/4)">
                  <conditions>
                    <condition number="284" type="jump" coverage="100%" />
                    <condition number="298" type="jump" coverage="100%" />
                  </conditions>
                </line>
                <line number="19" hits="37" branch="False" />
                <line number="21" hits="37" branch="False" />
                <line number="23" hits="1722" branch="False" />
                <line number="24" hits="264" branch="False" />
              </lines>
            </method>
            <method name="get_Grid" signature="()" line-rate="1" branch-rate="1" complexity="1">
              <lines>
                <line number="29" hits="4130" branch="False" />
              </lines>
            </method>
            <method name="get_ShowVessels" signature="()" line-rate="1" branch-rate="1" complexity="1">
              <lines>
                <line number="32" hits="1758" branch="False" />
              </lines>
            </method>
            <method name="get_OnCellClicked" signature="()" line-rate="1" branch-rate="1" complexity="1">
              <lines>
                <line number="35" hits="42" branch="False" />
              </lines>
            </method>
            <method name="GetVesselAtCoords" signature="(ConflictVessels.Engine.Grids.Coords)" line-rate="1" branch-rate="1" complexity="8">
              <lines>
                <line number="38" hits="1722" branch="False" />
                <line number="39" hits="10156" branch="True" condition-coverage="100% (2/2)">
                  <conditions>
                    <condition number="119" type="jump" coverage="100%" />
                  </conditions>
                </line>
                <line number="40" hits="2515" branch="False" />
                <line number="41" hits="5269" branch="True" condition-coverage="100% (6/6)">
                  <conditions>
                    <condition number="48" type="jump" coverage="100%" />
                    <condition number="63" type="jump" coverage="100%" />
                    <condition number="99" type="jump" coverage="100%" />
                  </conditions>
                </line>
                <line number="42" hits="40" branch="False" />
                <line number="43" hits="40" branch="False" />
                <line number="45" hits="2475" branch="False" />
                <line number="46" hits="1682" branch="False" />
                <line number="47" hits="1722" branch="False" />
              </lines>
            </method>
            <method name="GetCellClass" signature="(ConflictVessels.Engine.Vessels.Vessel)" line-rate="1" branch-rate="1" complexity="2">
              <lines>
                <line number="50" hits="1722" branch="False" />
                <line number="51" hits="1722" branch="True" condition-coverage="100% (2/2)">
                  <conditions>
                    <condition number="7" type="jump" coverage="100%" />
                  </conditions>
                </line>
                <line number="52" hits="1682" branch="False" />
                <line number="54" hits="40" branch="False" />
                <line number="55" hits="1722" branch="False" />
              </lines>
            </method>
          </methods>
          <lines>
            <line number="5" hits="624" branch="True" condition-coverage="100% (2/2)">
              <conditions>
                <condition number="373" type="jump" coverage="100%" />
              </conditions>
            </line>
            <line number="6" hits="264" branch="False" />
            <line number="7" hits="3972" branch="True" condition-coverage="100% (2/2)">
              <conditions>
                <condition number="345" type="jump" coverage="100%" />
              </conditions>
            </line>
            <line number="8" hits="1722" branch="False" />
            <line number="9" hits="1722" branch="False" />
            <line number="10" hits="1722" branch="False" />
            <line number="11" hits="1722" branch="False" />
            <line number="12" hits="1722" branch="False" />
            <line number="13" hits="1722" branch="False" />
            <line number="18" hits="1722" branch="True" condition-coverage="100% (4/4)">
              <conditions>
                <condition number="284" type="jump" coverage="100%" />
                <condition number="298" type="jump" coverage="100%" />
              </conditions>
            </line>
            <line number="19" hits="37" branch="False" />
            <line number="21" hits="37" branch="False" />
            <line number="23" hits="1722" branch="False" />
            <line number="24" hits="264" branch="False" />
            <line number="29" hits="4130" branch="False" />
            <line number="32" hits="1758" branch="False" />
            <line number="35" hits="42" branch="False" />
            <line number="38" hits="1722" branch="False" />
            <line number="39" hits="10156" branch="True" condition-coverage="100% (2/2)">
              <conditions>
                <condition number="119" type="jump" coverage="100%" />
              </conditions>
            </line>
            <line number="40" hits="2515" branch="False" />
            <line number="41" hits="5269" branch="True" condition-coverage="100% (6/6)">
              <conditions>
                <condition number="48" type="jump" coverage="100%" />
                <condition number="63" type="jump" coverage="100%" />
                <condition number="99" type="jump" coverage="100%" />
              </conditions>
            </line>
            <line number="42" hits="40" branch="False" />
            <line number="43" hits="40" branch="False" />
            <line number="45" hits="2475" branch="False" />
            <line number="46" hits="1682" branch="False" />
            <line number="47" hits="1722" branch="False" />
            <line number="50" hits="1722" branch="False" />
            <line number="51" hits="1722" branch="True" condition-coverage="100% (2/2)">
              <conditions>
                <condition number="7" type="jump" coverage="100%" />
              </conditions>
            </line>
            <line number="52" hits="1682" branch="False" />
            <line number="54" hits="40" branch="False" />
            <line number="55" hits="1722" branch="False" />
          </lines>
        </class>
        <class name="ConflictVessels.Web.Components.GridComponent/&lt;&gt;c__DisplayClass0_0" filename="Components/GridComponent.razor" line-rate="1" branch-rate="1" complexity="1">
          <methods>
            <method name="&lt;BuildRenderTree&gt;b__0" signature="()" line-rate="1" branch-rate="1" complexity="1">
              <lines>
                <line number="16" hits="18" branch="False" />
              </lines>
            </method>
          </methods>
          <lines>
            <line number="16" hits="18" branch="False" />
          </lines>
        </class>
        <class name="ConflictVessels.Web.Components.GridComponent/&lt;OnCellClick&gt;d__15" filename="Components/GridComponent.razor" line-rate="1" branch-rate="1" complexity="2">
          <methods>
            <method name="MoveNext" signature="()" line-rate="1" branch-rate="1" complexity="2">
              <lines>
                <line number="58" hits="18" branch="False" />
                <line number="59" hits="18" branch="True" condition-coverage="100% (2/2)">
                  <conditions>
                    <condition number="36" type="jump" coverage="100%" />
                  </conditions>
                </line>
                <line number="60" hits="17" branch="False" />
                <line number="61" hits="17" branch="False" />
                <line number="62" hits="17" branch="False" />
                <line number="63" hits="18" branch="False" />
              </lines>
            </method>
          </methods>
          <lines>
            <line number="58" hits="18" branch="False" />
            <line number="59" hits="18" branch="True" condition-coverage="100% (2/2)">
              <conditions>
                <condition number="36" type="jump" coverage="100%" />
              </conditions>
            </line>
            <line number="60" hits="17" branch="False" />
            <line number="61" hits="17" branch="False" />
            <line number="62" hits="17" branch="False" />
            <line number="63" hits="18" branch="False" />
          </lines>
        </class>
        <class name="ConflictVessels.Web.Components.Pages.Game" filename="Components/Pages/Game.razor" line-rate="0" branch-rate="0" complexity="12">
          <methods>
            <method name="BuildRenderTree" signature="(Microsoft.AspNetCore.Components.Rendering.RenderTreeBuilder)" line-rate="0" branch-rate="0" complexity="6">
              <lines>
                <line number="14" hits="0" branch="True" condition-coverage="0% (0/2)">
                  <conditions>
                    <condition number="133" type="jump" coverage="0%" />
                  </conditions>
                </line>
                <line number="15" hits="0" branch="False" />
                <line number="19" hits="0" branch="False" />
                <line number="21" hits="0" branch="False" />
                <line number="32" hits="0" branch="True" condition-coverage="0% (0/2)">
                  <conditions>
                    <condition number="635" type="jump" coverage="0%" />
                  </conditions>
                </line>
                <line number="33" hits="0" branch="False" />
                <line number="35" hits="0" branch="False" />
                <line number="40" hits="0" branch="True" condition-coverage="0% (0/2)">
                  <conditions>
                    <condition number="831" type="jump" coverage="0%" />
                  </conditions>
                </line>
                <line number="41" hits="0" branch="False" />
                <line number="43" hits="0" branch="False" />
                <line number="46" hits="0" branch="False" />
              </lines>
            </method>
            <method name="OnInitialized" signature="()" line-rate="0" branch-rate="1" complexity="1">
              <lines>
                <line number="54" hits="0" branch="False" />
                <line number="55" hits="0" branch="False" />
                <line number="56" hits="0" branch="False" />
                <line number="57" hits="0" branch="False" />
              </lines>
            </method>
            <method name="StartGame" signature="()" line-rate="0" branch-rate="1" complexity="1">
              <lines>
                <line number="60" hits="0" branch="False" />
                <line number="61" hits="0" branch="False" />
                <line number="62" hits="0" branch="False" />
                <line number="63" hits="0" branch="False" />
              </lines>
            </method>
            <method name="LoadGrids" signature="()" line-rate="0" branch-rate="1" complexity="1">
              <lines>
                <line number="66" hits="0" branch="False" />
                <line number="67" hits="0" branch="False" />
                <line number="68" hits="0" branch="False" />
                <line number="69" hits="0" branch="False" />
                <line number="70" hits="0" branch="False" />
              </lines>
            </method>
            <method name="OnGameStateChanged" signature="()" line-rate="0" branch-rate="1" complexity="1">
              <lines>
                <line number="73" hits="0" branch="False" />
                <line number="74" hits="0" branch="False" />
                <line number="75" hits="0" branch="False" />
                <line number="76" hits="0" branch="False" />
                <line number="77" hits="0" branch="False" />
                <line number="78" hits="0" branch="False" />
                <line number="79" hits="0" branch="False" />
              </lines>
            </method>
            <method name="HandleCellClick" signature="(ConflictVessels.Engine.Grids.Coords)" line-rate="0" branch-rate="1" complexity="1">
              <lines>
                <line number="82" hits="0" branch="False" />
                <line number="84" hits="0" branch="False" />
                <line number="85" hits="0" branch="False" />
              </lines>
            </method>
            <method name="Dispose" signature="()" line-rate="0" branch-rate="1" complexity="1">
              <lines>
                <line number="88" hits="0" branch="False" />
                <line number="89" hits="0" branch="False" />
                <line number="90" hits="0" branch="False" />
              </lines>
            </method>
          </methods>
          <lines>
            <line number="14" hits="0" branch="True" condition-coverage="0% (0/2)">
              <conditions>
                <condition number="133" type="jump" coverage="0%" />
              </conditions>
            </line>
            <line number="15" hits="0" branch="False" />
            <line number="19" hits="0" branch="False" />
            <line number="21" hits="0" branch="False" />
            <line number="32" hits="0" branch="True" condition-coverage="0% (0/2)">
              <conditions>
                <condition number="635" type="jump" coverage="0%" />
              </conditions>
            </line>
            <line number="33" hits="0" branch="False" />
            <line number="35" hits="0" branch="False" />
            <line number="40" hits="0" branch="True" condition-coverage="0% (0/2)">
              <conditions>
                <condition number="831" type="jump" coverage="0%" />
              </conditions>
            </line>
            <line number="41" hits="0" branch="False" />
            <line number="43" hits="0" branch="False" />
            <line number="46" hits="0" branch="False" />
            <line number="54" hits="0" branch="False" />
            <line number="55" hits="0" branch="False" />
            <line number="56" hits="0" branch="False" />
            <line number="57" hits="0" branch="False" />
            <line number="60" hits="0" branch="False" />
            <line number="61" hits="0" branch="False" />
            <line number="62" hits="0" branch="False" />
            <line number="63" hits="0" branch="False" />
            <line number="66" hits="0" branch="False" />
            <line number="67" hits="0" branch="False" />
            <line number="68" hits="0" branch="False" />
            <line number="69" hits="0" branch="False" />
            <line number="70" hits="0" branch="False" />
            <line number="73" hits="0" branch="False" />
            <line number="74" hits="0" branch="False" />
            <line number="75" hits="0" branch="False" />
            <line number="76" hits="0" branch="False" />
            <line number="77" hits="0" branch="False" />
            <line number="78" hits="0" branch="False" />
            <line number="79" hits="0" branch="False" />
            <line number="82" hits="0" branch="False" />
            <line number="84" hits="0" branch="False" />
            <line number="85" hits="0" branch="False" />
            <line number="88" hits="0" branch="False" />
            <line number="89" hits="0" branch="False" />
            <line number="90" hits="0" branch="False" />
          </lines>
        </class>
        <class name="ConflictVessels.Web.Services.GameService" filename="Services/GameService.cs" line-rate="1" branch-rate="1" complexity="17">
          <methods>
            <method name="get_CurrentGame" signature="()" line-rate="1" branch-rate="1" complexity="1">
              <lines>
                <line number="15" hits="29" branch="False" />
              </lines>
            </method>
            <method name="StartNewGame" signature="()" line-rate="1" branch-rate="1" complexity="2">
              <lines>
                <line number="18" hits="25" branch="False" />
                <line number="19" hits="25" branch="False" />
                <line number="22" hits="25" branch="False" />
                <line number="23" hits="25" branch="False" />
                <line number="24" hits="25" branch="False" />
                <line number="25" hits="25" branch="False" />
                <line number="26" hits="25" branch="False" />
                <line number="27" hits="25" branch="False" />
                <line number="28" hits="25" branch="False" />
                <line number="29" hits="25" branch="False" />
                <line number="31" hits="25" branch="False" />
                <line number="32" hits="25" branch="False" />
                <line number="34" hits="25" branch="False" />
                <line number="35" hits="25" branch="False" />
                <line number="36" hits="25" branch="False" />
                <line number="38" hits="25" branch="False" />
                <line number="41" hits="25" branch="False" />
                <line number="42" hits="50" branch="False" />
                <line number="44" hits="25" branch="False" />
                <line number="46" hits="25" branch="True" condition-coverage="100% (2/2)">
                  <conditions>
                    <condition number="195" type="jump" coverage="100%" />
                  </conditions>
                </line>
                <line number="47" hits="25" branch="False" />
              </lines>
            </method>
            <method name="GetPlayerGrid" signature="(System.Int32)" line-rate="1" branch-rate="1" complexity="6">
              <lines>
                <line number="50" hits="7" branch="False" />
                <line number="51" hits="7" branch="True" condition-coverage="100% (6/6)">
                  <conditions>
                    <condition number="7" type="jump" coverage="100%" />
                    <condition number="11" type="jump" coverage="100%" />
                    <condition number="45" type="jump" coverage="100%" />
                  </conditions>
                </line>
                <line number="52" hits="3" branch="False" />
                <line number="54" hits="4" branch="False" />
                <line number="55" hits="7" branch="False" />
              </lines>
            </method>
            <method name="DisposeCurrentGame" signature="()" line-rate="1" branch-rate="1" complexity="4">
              <lines>
                <line number="58" hits="32" branch="False" />
                <line number="59" hits="112" branch="True" condition-coverage="100% (2/2)">
                  <conditions>
                    <condition number="40" type="jump" coverage="100%" />
                  </conditions>
                </line>
                <line number="60" hits="8" branch="False" />
                <line number="61" hits="8" branch="False" />
                <line number="62" hits="8" branch="False" />
                <line number="63" hits="32" branch="False" />
                <line number="65" hits="32" branch="True" condition-coverage="100% (2/2)">
                  <conditions>
                    <condition number="84" type="jump" coverage="100%" />
                  </conditions>
                </line>
                <line number="66" hits="8" branch="False" />
                <line number="67" hits="8" branch="False" />
                <line number="68" hits="8" branch="False" />
                <line number="70" hits="32" branch="False" />
                <line number="71" hits="32" branch="False" />
              </lines>
            </method>
            <method name="Dispose" signature="()" line-rate="1" branch-rate="1" complexity="1">
              <lines>
                <line number="74" hits="7" branch="False" />
                <line number="75" hits="7" branch="False" />
                <line number="76" hits="7" branch="False" />
              </lines>
            </method>
            <method name=".ctor" signature="()" line-rate="1" branch-rate="1" complexity="1">
              <lines>
                <line number="11" hits="25" branch="False" />
              </lines>
            </method>
          </methods>
          <lines>
            <line number="15" hits="29" branch="False" />
            <line number="18" hits="25" branch="False" />
            <line number="19" hits="25" branch="False" />
            <line number="22" hits="25" branch="False" />
            <line number="23" hits="25" branch="False" />
            <line number="24" hits="25" branch="False" />
            <line number="25" hits="25" branch="False" />
            <line number="26" hits="25" branch="False" />
            <line number="27" hits="25" branch="False" />
            <line number="28" hits="25" branch="False" />
            <line number="29" hits="25" branch="False" />
            <line number="31" hits="25" branch="False" />
            <line number="32" hits="25" branch="False" />
            <line number="34" hits="25" branch="False" />
            <line number="35" hits="25" branch="False" />
            <line number="36" hits="25" branch="False" />
            <line number="38" hits="25" branch="False" />
            <line number="41" hits="25" branch="False" />
            <line number="42" hits="50" branch="False" />
            <line number="44" hits="25" branch="False" />
            <line number="46" hits="25" branch="True" condition-coverage="100% (2/2)">
              <conditions>
                <condition number="195" type="jump" coverage="100%" />
              </conditions>
            </line>
            <line number="47" hits="25" branch="False" />
            <line number="50" hits="7" branch="False" />
            <line number="51" hits="7" branch="True" condition-coverage="100% (6/6)">
              <conditions>
                <condition number="7" type="jump" coverage="100%" />
                <condition number="11" type="jump" coverage="100%" />
                <condition number="45" type="jump" coverage="100%" />
              </conditions>
            </line>
            <line number="52" hits="3" branch="False" />
            <line number="54" hits="4" branch="False" />
            <line number="55" hits="7" branch="False" />
            <line number="58" hits="32" branch="False" />
            <line number="59" hits="112" branch="True" condition-coverage="100% (2/2)">
              <conditions>
                <condition number="40" type="jump" coverage="100%" />
              </conditions>
            </line>
            <line number="60" hits="8" branch="False" />
            <line number="61" hits="8" branch="False" />
            <line number="62" hits="8" branch="False" />
            <line number="63" hits="32" branch="False" />
            <line number="65" hits="32" branch="True" condition-coverage="100% (2/2)">
              <conditions>
                <condition number="84" type="jump" coverage="100%" />
              </conditions>
            </line>
            <line number="66" hits="8" branch="False" />
            <line number="67" hits="8" branch="False" />
            <line number="68" hits="8" branch="False" />
            <line number="70" hits="32" branch="False" />
            <line number="71" hits="32" branch="False" />
            <line number="74" hits="7" branch="False" />
            <line number="75" hits="7" branch="False" />
            <line number="76" hits="7" branch="False" />
            <line number="11" hits="25" branch="False" />
          </lines>
        </class>
      </classes>
    </package>
  </packages>
</coverage>